<?xml version="1.0" encoding="UTF-8"?>
<!-- Generated by org.testng.reporters.JUnitReportReporter -->
<testsuite hostname="TL0017" failures="0" tests="4" name="testcase.CreateLeadTc" time="61.615" errors="0" timestamp="2022-11-20T09:22:20 IST" skipped="0">
  <testcase classname="testcase.CreateLeadTc" name="runLead" time="14.553"/>
  <system-out/>
  <testcase classname="testcase.CreateLeadTc" name="runLead" time="14.579"/>
  <system-out/>
  <testcase classname="testcase.CreateLeadTc" name="runLead" time="15.656"/>
  <system-out/>
  <testcase classname="testcase.CreateLeadTc" name="runLead" time="16.827"/>
  <system-out/>
</testsuite> <!-- testcase.CreateLeadTc -->
