<?xml version="1.0" encoding="UTF-8"?>
<!-- Generated by org.testng.reporters.JUnitReportReporter -->
<testsuite hostname="TL0017" failures="0" tests="1" name="testcase.LoginLogut" time="110.797" errors="0" timestamp="2022-11-23T13:40:08 IST" skipped="0">
  <testcase classname="testcase.LoginLogut" name="runLogout" time="110.797"/>
  <system-out/>
</testsuite> <!-- testcase.LoginLogut -->
